2026-03-08 18:22:06 | INFO     | Epoch   1/20 | tr_loss=1.9386 | va_loss=1.9240 | val_f1=0.0638 | 18.1s ✓  <-- new best
2026-03-08 18:22:24 | INFO     | Epoch   2/20 | tr_loss=1.8117 | va_loss=1.6161 | val_f1=0.2132 | 18.1s ✓  <-- new best
2026-03-08 18:22:43 | INFO     | Epoch   3/20 | tr_loss=1.5998 | va_loss=1.6019 | val_f1=0.1814 | 18.1s
2026-03-08 18:23:02 | INFO     | Epoch   4/20 | tr_loss=1.4422 | va_loss=1.4609 | val_f1=0.3991 | 18.1s ✓  <-- new best
2026-03-08 18:23:21 | INFO     | Epoch   5/20 | tr_loss=0.9699 | va_loss=1.4204 | val_f1=0.4837 | 18.1s ✓  <-- new best
2026-03-08 18:23:39 | INFO     | Epoch   6/20 | tr_loss=0.5787 | va_loss=1.8552 | val_f1=0.4479 | 18.1s
2026-03-08 18:23:58 | INFO     | Epoch   7/20 | tr_loss=0.4204 | va_loss=1.2847 | val_f1=0.6080 | 18.2s ✓  <-- new best
2026-03-08 18:24:17 | INFO     | Epoch   8/20 | tr_loss=0.2615 | va_loss=1.3334 | val_f1=0.6214 | 18.2s ✓  <-- new best
2026-03-08 18:24:36 | INFO     | Epoch   9/20 | tr_loss=0.1243 | va_loss=1.4564 | val_f1=0.6405 | 18.1s ✓  <-- new best
2026-03-08 18:24:55 | INFO     | Epoch  10/20 | tr_loss=0.0843 | va_loss=1.5781 | val_f1=0.6490 | 18.1s ✓  <-- new best
2026-03-08 18:25:13 | INFO     | Epoch  11/20 | tr_loss=0.0630 | va_loss=1.8714 | val_f1=0.6199 | 18.1s
2026-03-08 18:25:32 | INFO     | Epoch  12/20 | tr_loss=0.0538 | va_loss=1.6680 | val_f1=0.6642 | 18.1s ✓  <-- new best
2026-03-08 18:25:51 | INFO     | Epoch  13/20 | tr_loss=0.0460 | va_loss=1.8127 | val_f1=0.6410 | 18.2s
2026-03-08 18:26:09 | INFO     | Epoch  14/20 | tr_loss=0.0485 | va_loss=1.8611 | val_f1=0.6473 | 18.2s
2026-03-08 18:26:28 | INFO     | Epoch  15/20 | tr_loss=0.0203 | va_loss=1.7675 | val_f1=0.6699 | 18.1s ✓  <-- new best
2026-03-08 18:26:47 | INFO     | Epoch  16/20 | tr_loss=0.0140 | va_loss=1.7105 | val_f1=0.6859 | 18.2s ✓  <-- new best
2026-03-08 18:27:06 | INFO     | Epoch  17/20 | tr_loss=0.0122 | va_loss=1.7410 | val_f1=0.6818 | 18.1s
2026-03-08 18:27:25 | INFO     | Epoch  18/20 | tr_loss=0.0100 | va_loss=1.7278 | val_f1=0.6878 | 18.1s ✓  <-- new best
2026-03-08 18:27:43 | INFO     | Epoch  19/20 | tr_loss=0.0062 | va_loss=1.8379 | val_f1=0.6776 | 18.1s
2026-03-08 18:28:02 | INFO     | Epoch  20/20 | tr_loss=0.0051 | va_loss=1.8423 | val_f1=0.6796 | 18.1s
2026-03-08 18:28:02 | INFO     | Restored best checkpoint | val_f1=0.6878 | path=models\glove_bilstm_sentiment_1k_20260308_182146\best_model\best.pt
2026-03-08 18:28:02 | INFO     | Training complete.
